<?xml version="1.0" encoding="UTF-8"?>
<testng-results skipped="0" failed="0" ignored="0" total="1" passed="1">
  <reporter-output>
  </reporter-output>
  <suite name="MagentoTest" duration-ms="42580" started-at="2018-06-25T03:54:51Z" finished-at="2018-06-25T03:55:34Z">
    <groups>
    </groups>
    <test name="Command line test" duration-ms="42580" started-at="2018-06-25T03:54:51Z" finished-at="2018-06-25T03:55:34Z">
      <class name="MagentoTest">
        <test-method status="PASS" signature="testrun()[pri:0, instance:MagentoTest@6aaa5eb0]" name="testrun" duration-ms="42527" started-at="2018-06-25T03:54:51Z" finished-at="2018-06-25T03:55:34Z">
          <reporter-output>
          </reporter-output>
        </test-method> <!-- testrun -->
      </class> <!-- MagentoTest -->
    </test> <!-- Command line test -->
  </suite> <!-- MagentoTest -->
</testng-results>
